<?xml version="1.0" encoding="UTF-8" standalone="yes"?><!DOCTYPE report PUBLIC "-//JACOCO//DTD Report 1.1//EN" "report.dtd"><report name="erp"><sessioninfo id="ailton-martins-note-b3822a48" start="1754772629229" dump="1754772643535"/><package name="com/projeto/erp/cliente/dto"><class name="com/projeto/erp/cliente/dto/ClienteResponseDTO" sourcefilename="ClienteResponseDTO.java"/><class name="com/projeto/erp/cliente/dto/ClienteRequestDTO" sourcefilename="ClienteRequestDTO.java"/><sourcefile name="ClienteResponseDTO.java"/><sourcefile name="ClienteRequestDTO.java"/></package><package name="com/projeto/erp/produto"><class name="com/projeto/erp/produto/ProdutoService" sourcefilename="ProdutoService.java"><method name="&lt;init&gt;" desc="()V" line="17"><counter type="INSTRUCTION" missed="3" covered="0"/><counter type="LINE" missed="1" covered="0"/><counter type="COMPLEXITY" missed="1" covered="0"/><counter type="METHOD" missed="1" covered="0"/></method><method name="criarProduto" desc="(Lcom/projeto/erp/produto/dto/ProdutoRequestDTO;)Lcom/projeto/erp/produto/dto/ProdutoResponseDTO;" line="30"><counter type="INSTRUCTION" missed="29" covered="0"/><counter type="LINE" missed="6" covered="0"/><counter type="COMPLEXITY" missed="1" covered="0"/><counter type="METHOD" missed="1" covered="0"/></method><method name="buscarPorId" desc="(Ljava/lang/Long;)Lcom/projeto/erp/produto/dto/ProdutoResponseDTO;" line="42"><counter type="INSTRUCTION" missed="13" covered="0"/><counter type="LINE" missed="3" covered="0"/><counter type="COMPLEXITY" missed="1" covered="0"/><counter type="METHOD" missed="1" covered="0"/></method><method name="listarTodos" desc="()Ljava/util/List;" line="48"><counter type="INSTRUCTION" missed="13" covered="0"/><counter type="LINE" missed="3" covered="0"/><counter type="COMPLEXITY" missed="1" covered="0"/><counter type="METHOD" missed="1" covered="0"/></method><method name="atualizarProduto" desc="(Ljava/lang/Long;Lcom/projeto/erp/produto/dto/ProdutoRequestDTO;)Lcom/projeto/erp/produto/dto/ProdutoResponseDTO;" line="54"><counter type="INSTRUCTION" missed="50" covered="0"/><counter type="BRANCH" missed="2" covered="0"/><counter type="LINE" missed="11" covered="0"/><counter type="COMPLEXITY" missed="2" covered="0"/><counter type="METHOD" missed="1" covered="0"/></method><method name="deletarProduto" desc="(Ljava/lang/Long;)V" line="73"><counter type="INSTRUCTION" missed="9" covered="0"/><counter type="LINE" missed="3" covered="0"/><counter type="COMPLEXITY" missed="1" covered="0"/><counter type="METHOD" missed="1" covered="0"/></method><method name="validarCodigoBarraUnico" desc="(Ljava/lang/String;)V" line="78"><counter type="INSTRUCTION" missed="12" covered="0"/><counter type="BRANCH" missed="2" covered="0"/><counter type="LINE" missed="3" covered="0"/><counter type="COMPLEXITY" missed="2" covered="0"/><counter type="METHOD" missed="1" covered="0"/></method><method name="buscaProdutoByIdOrThrow" desc="(Ljava/lang/Long;)Lcom/projeto/erp/produto/Produto;" line="84"><counter type="INSTRUCTION" missed="9" covered="0"/><counter type="LINE" missed="2" covered="0"/><counter type="COMPLEXITY" missed="1" covered="0"/><counter type="METHOD" missed="1" covered="0"/></method><method name="lambda$buscaProdutoByIdOrThrow$1" desc="(Ljava/lang/Long;)Lcom/projeto/erp/common/exception/BusinessException;" line="85"><counter type="INSTRUCTION" missed="7" covered="0"/><counter type="LINE" missed="1" covered="0"/><counter type="COMPLEXITY" missed="1" covered="0"/><counter type="METHOD" missed="1" covered="0"/></method><method name="lambda$buscarPorId$0" desc="()Lorg/springframework/web/server/ResponseStatusException;" line="43"><counter type="INSTRUCTION" missed="6" covered="0"/><counter type="LINE" missed="1" covered="0"/><counter type="COMPLEXITY" missed="1" covered="0"/><counter type="METHOD" missed="1" covered="0"/></method><counter type="INSTRUCTION" missed="151" covered="0"/><counter type="BRANCH" missed="4" covered="0"/><counter type="LINE" missed="32" covered="0"/><counter type="COMPLEXITY" missed="12" covered="0"/><counter type="METHOD" missed="10" covered="0"/><counter type="CLASS" missed="1" covered="0"/></class><class name="com/projeto/erp/produto/ProdutoRepository" sourcefilename="ProdutoRepository.java"/><class name="com/projeto/erp/produto/ProdutoController" sourcefilename="ProdutoController.java"><method name="&lt;init&gt;" desc="()V" line="21"><counter type="INSTRUCTION" missed="0" covered="3"/><counter type="LINE" missed="0" covered="1"/><counter type="COMPLEXITY" missed="0" covered="1"/><counter type="METHOD" missed="0" covered="1"/></method><method name="criar" desc="(Lcom/projeto/erp/produto/dto/ProdutoRequestDTO;)Lorg/springframework/http/ResponseEntity;" line="34"><counter type="INSTRUCTION" missed="0" covered="10"/><counter type="LINE" missed="0" covered="2"/><counter type="COMPLEXITY" missed="0" covered="1"/><counter type="METHOD" missed="0" covered="1"/></method><method name="buscarPorId" desc="(Ljava/lang/Long;)Lorg/springframework/http/ResponseEntity;" line="45"><counter type="INSTRUCTION" missed="0" covered="6"/><counter type="LINE" missed="0" covered="1"/><counter type="COMPLEXITY" missed="0" covered="1"/><counter type="METHOD" missed="0" covered="1"/></method><method name="listarTodos" desc="()Lorg/springframework/http/ResponseEntity;" line="54"><counter type="INSTRUCTION" missed="0" covered="5"/><counter type="LINE" missed="0" covered="1"/><counter type="COMPLEXITY" missed="0" covered="1"/><counter type="METHOD" missed="0" covered="1"/></method><method name="atualizar" desc="(Ljava/lang/Long;Lcom/projeto/erp/produto/dto/ProdutoRequestDTO;)Lorg/springframework/http/ResponseEntity;" line="65"><counter type="INSTRUCTION" missed="0" covered="7"/><counter type="LINE" missed="0" covered="1"/><counter type="COMPLEXITY" missed="0" covered="1"/><counter type="METHOD" missed="0" covered="1"/></method><method name="deletar" desc="(Ljava/lang/Long;)Lorg/springframework/http/ResponseEntity;" line="75"><counter type="INSTRUCTION" missed="0" covered="7"/><counter type="LINE" missed="0" covered="2"/><counter type="COMPLEXITY" missed="0" covered="1"/><counter type="METHOD" missed="0" covered="1"/></method><counter type="INSTRUCTION" missed="0" covered="38"/><counter type="LINE" missed="0" covered="8"/><counter type="COMPLEXITY" missed="0" covered="6"/><counter type="METHOD" missed="0" covered="6"/><counter type="CLASS" missed="0" covered="1"/></class><class name="com/projeto/erp/produto/Produto" sourcefilename="Produto.java"/><sourcefile name="ProdutoService.java"><line nr="17" mi="3" ci="0" mb="0" cb="0"/><line nr="30" mi="4" ci="0" mb="0" cb="0"/><line nr="32" mi="6" ci="0" mb="0" cb="0"/><line nr="34" mi="5" ci="0" mb="0" cb="0"/><line nr="35" mi="3" ci="0" mb="0" cb="0"/><line nr="37" mi="6" ci="0" mb="0" cb="0"/><line nr="38" mi="5" ci="0" mb="0" cb="0"/><line nr="42" mi="5" ci="0" mb="0" cb="0"/><line nr="43" mi="9" ci="0" mb="0" cb="0"/><line nr="44" mi="5" ci="0" mb="0" cb="0"/><line nr="48" mi="8" ci="0" mb="0" cb="0"/><line nr="49" mi="4" ci="0" mb="0" cb="0"/><line nr="50" mi="1" ci="0" mb="0" cb="0"/><line nr="54" mi="4" ci="0" mb="0" cb="0"/><line nr="56" mi="6" ci="0" mb="2" cb="0"/><line nr="57" mi="4" ci="0" mb="0" cb="0"/><line nr="60" mi="6" ci="0" mb="0" cb="0"/><line nr="62" mi="4" ci="0" mb="0" cb="0"/><line nr="63" mi="4" ci="0" mb="0" cb="0"/><line nr="64" mi="4" ci="0" mb="0" cb="0"/><line nr="65" mi="4" ci="0" mb="0" cb="0"/><line nr="66" mi="3" ci="0" mb="0" cb="0"/><line nr="68" mi="6" ci="0" mb="0" cb="0"/><line nr="69" mi="5" ci="0" mb="0" cb="0"/><line nr="73" mi="4" ci="0" mb="0" cb="0"/><line nr="74" mi="4" ci="0" mb="0" cb="0"/><line nr="75" mi="1" ci="0" mb="0" cb="0"/><line nr="78" mi="5" ci="0" mb="2" cb="0"/><line nr="79" mi="6" ci="0" mb="0" cb="0"/><line nr="81" mi="1" ci="0" mb="0" cb="0"/><line nr="84" mi="7" ci="0" mb="0" cb="0"/><line nr="85" mi="9" ci="0" mb="0" cb="0"/><counter type="INSTRUCTION" missed="151" covered="0"/><counter type="BRANCH" missed="4" covered="0"/><counter type="LINE" missed="32" covered="0"/><counter type="COMPLEXITY" missed="12" covered="0"/><counter type="METHOD" missed="10" covered="0"/><counter type="CLASS" missed="1" covered="0"/></sourcefile><sourcefile name="ProdutoController.java"><line nr="21" mi="0" ci="3" mb="0" cb="0"/><line nr="34" mi="0" ci="5" mb="0" cb="0"/><line nr="35" mi="0" ci="5" mb="0" cb="0"/><line nr="45" mi="0" ci="6" mb="0" cb="0"/><line nr="54" mi="0" ci="5" mb="0" cb="0"/><line nr="65" mi="0" ci="7" mb="0" cb="0"/><line nr="75" mi="0" ci="4" mb="0" cb="0"/><line nr="76" mi="0" ci="3" mb="0" cb="0"/><counter type="INSTRUCTION" missed="0" covered="38"/><counter type="LINE" missed="0" covered="8"/><counter type="COMPLEXITY" missed="0" covered="6"/><counter type="METHOD" missed="0" covered="6"/><counter type="CLASS" missed="0" covered="1"/></sourcefile><sourcefile name="Produto.java"/><sourcefile name="ProdutoRepository.java"/><counter type="INSTRUCTION" missed="151" covered="38"/><counter type="BRANCH" missed="4" covered="0"/><counter type="LINE" missed="32" covered="8"/><counter type="COMPLEXITY" missed="12" covered="6"/><counter type="METHOD" missed="10" covered="6"/><counter type="CLASS" missed="1" covered="1"/></package><package name="com/projeto/erp/fornecedor/dto"><class name="com/projeto/erp/fornecedor/dto/FornecedorRequestDTO" sourcefilename="FornecedorRequestDTO.java"/><class name="com/projeto/erp/fornecedor/dto/FornecedorResponseDTO" sourcefilename="FornecedorResponseDTO.java"/><sourcefile name="FornecedorResponseDTO.java"/><sourcefile name="FornecedorRequestDTO.java"/></package><package name="com/projeto/erp/cliente"><class name="com/projeto/erp/cliente/ClienteService" sourcefilename="ClienteService.java"><method name="&lt;init&gt;" desc="()V" line="14"><counter type="INSTRUCTION" missed="0" covered="3"/><counter type="LINE" missed="0" covered="1"/><counter type="COMPLEXITY" missed="0" covered="1"/><counter type="METHOD" missed="0" covered="1"/></method><method name="buscaTodosClientes" desc="()Ljava/util/List;" line="23"><counter type="INSTRUCTION" missed="0" covered="23"/><counter type="BRANCH" missed="0" covered="2"/><counter type="LINE" missed="0" covered="4"/><counter type="COMPLEXITY" missed="0" covered="2"/><counter type="METHOD" missed="0" covered="1"/></method><method name="getCliente" desc="(Ljava/lang/Long;)Lcom/projeto/erp/cliente/dto/ClienteResponseDTO;" line="31"><counter type="INSTRUCTION" missed="0" covered="9"/><counter type="LINE" missed="0" covered="2"/><counter type="COMPLEXITY" missed="0" covered="1"/><counter type="METHOD" missed="0" covered="1"/></method><method name="criarCliente" desc="(Lcom/projeto/erp/cliente/dto/ClienteRequestDTO;)Lcom/projeto/erp/cliente/dto/ClienteResponseDTO;" line="36"><counter type="INSTRUCTION" missed="0" covered="20"/><counter type="LINE" missed="0" covered="4"/><counter type="COMPLEXITY" missed="0" covered="1"/><counter type="METHOD" missed="0" covered="1"/></method><method name="atualizarCliente" desc="(Ljava/lang/Long;Lcom/projeto/erp/cliente/dto/ClienteRequestDTO;)Lcom/projeto/erp/cliente/dto/ClienteResponseDTO;" line="43"><counter type="INSTRUCTION" missed="0" covered="48"/><counter type="BRANCH" missed="2" covered="2"/><counter type="LINE" missed="0" covered="10"/><counter type="COMPLEXITY" missed="2" covered="1"/><counter type="METHOD" missed="0" covered="1"/></method><method name="deleteCliente" desc="(Ljava/lang/Long;)V" line="58"><counter type="INSTRUCTION" missed="0" covered="9"/><counter type="LINE" missed="0" covered="3"/><counter type="COMPLEXITY" missed="0" covered="1"/><counter type="METHOD" missed="0" covered="1"/></method><method name="validarEmailUnico" desc="(Ljava/lang/String;)V" line="63"><counter type="INSTRUCTION" missed="0" covered="12"/><counter type="BRANCH" missed="0" covered="2"/><counter type="LINE" missed="0" covered="3"/><counter type="COMPLEXITY" missed="0" covered="2"/><counter type="METHOD" missed="0" covered="1"/></method><method name="buscaClienteByIdOrThrow" desc="(Ljava/lang/Long;)Lcom/projeto/erp/cliente/Cliente;" line="69"><counter type="INSTRUCTION" missed="0" covered="9"/><counter type="LINE" missed="0" covered="2"/><counter type="COMPLEXITY" missed="0" covered="1"/><counter type="METHOD" missed="0" covered="1"/></method><method name="lambda$buscaClienteByIdOrThrow$0" desc="(Ljava/lang/Long;)Lcom/projeto/erp/common/exception/BusinessException;" line="70"><counter type="INSTRUCTION" missed="0" covered="7"/><counter type="LINE" missed="0" covered="1"/><counter type="COMPLEXITY" missed="0" covered="1"/><counter type="METHOD" missed="0" covered="1"/></method><counter type="INSTRUCTION" missed="0" covered="140"/><counter type="BRANCH" missed="2" covered="6"/><counter type="LINE" missed="0" covered="29"/><counter type="COMPLEXITY" missed="2" covered="11"/><counter type="METHOD" missed="0" covered="9"/><counter type="CLASS" missed="0" covered="1"/></class><class name="com/projeto/erp/cliente/Cliente" sourcefilename="Cliente.java"/><class name="com/projeto/erp/cliente/ClienteControle" sourcefilename="ClienteControle.java"><method name="&lt;init&gt;" desc="()V" line="21"><counter type="INSTRUCTION" missed="0" covered="3"/><counter type="LINE" missed="0" covered="1"/><counter type="COMPLEXITY" missed="0" covered="1"/><counter type="METHOD" missed="0" covered="1"/></method><method name="getCliente" desc="(Ljava/lang/Long;)Lcom/projeto/erp/cliente/dto/ClienteResponseDTO;" line="33"><counter type="INSTRUCTION" missed="0" covered="5"/><counter type="LINE" missed="0" covered="1"/><counter type="COMPLEXITY" missed="0" covered="1"/><counter type="METHOD" missed="0" covered="1"/></method><method name="listCliente" desc="()Ljava/util/List;" line="42"><counter type="INSTRUCTION" missed="0" covered="4"/><counter type="LINE" missed="0" covered="1"/><counter type="COMPLEXITY" missed="0" covered="1"/><counter type="METHOD" missed="0" covered="1"/></method><method name="criarCliente" desc="(Lcom/projeto/erp/cliente/dto/ClienteRequestDTO;)Lorg/springframework/http/ResponseEntity;" line="53"><counter type="INSTRUCTION" missed="0" covered="10"/><counter type="LINE" missed="0" covered="2"/><counter type="COMPLEXITY" missed="0" covered="1"/><counter type="METHOD" missed="0" covered="1"/></method><method name="atualizarCliente" desc="(Ljava/lang/Long;Lcom/projeto/erp/cliente/dto/ClienteRequestDTO;)Lorg/springframework/http/ResponseEntity;" line="66"><counter type="INSTRUCTION" missed="0" covered="9"/><counter type="LINE" missed="0" covered="2"/><counter type="COMPLEXITY" missed="0" covered="1"/><counter type="METHOD" missed="0" covered="1"/></method><method name="deletarCliente" desc="(Ljava/lang/Long;)Lorg/springframework/http/ResponseEntity;" line="77"><counter type="INSTRUCTION" missed="0" covered="7"/><counter type="LINE" missed="0" covered="2"/><counter type="COMPLEXITY" missed="0" covered="1"/><counter type="METHOD" missed="0" covered="1"/></method><counter type="INSTRUCTION" missed="0" covered="38"/><counter type="LINE" missed="0" covered="9"/><counter type="COMPLEXITY" missed="0" covered="6"/><counter type="METHOD" missed="0" covered="6"/><counter type="CLASS" missed="0" covered="1"/></class><class name="com/projeto/erp/cliente/ClienteRepository" sourcefilename="ClienteRepository.java"/><sourcefile name="ClienteControle.java"><line nr="21" mi="0" ci="3" mb="0" cb="0"/><line nr="33" mi="0" ci="5" mb="0" cb="0"/><line nr="42" mi="0" ci="4" mb="0" cb="0"/><line nr="53" mi="0" ci="5" mb="0" cb="0"/><line nr="54" mi="0" ci="5" mb="0" cb="0"/><line nr="66" mi="0" ci="6" mb="0" cb="0"/><line nr="67" mi="0" ci="3" mb="0" cb="0"/><line nr="77" mi="0" ci="4" mb="0" cb="0"/><line nr="78" mi="0" ci="3" mb="0" cb="0"/><counter type="INSTRUCTION" missed="0" covered="38"/><counter type="LINE" missed="0" covered="9"/><counter type="COMPLEXITY" missed="0" covered="6"/><counter type="METHOD" missed="0" covered="6"/><counter type="CLASS" missed="0" covered="1"/></sourcefile><sourcefile name="ClienteRepository.java"/><sourcefile name="Cliente.java"/><sourcefile name="ClienteService.java"><line nr="14" mi="0" ci="3" mb="0" cb="0"/><line nr="23" mi="0" ci="4" mb="0" cb="0"/><line nr="24" mi="0" ci="3" mb="0" cb="2"/><line nr="25" mi="0" ci="5" mb="0" cb="0"/><line nr="27" mi="0" ci="11" mb="0" cb="0"/><line nr="31" mi="0" ci="4" mb="0" cb="0"/><line nr="32" mi="0" ci="5" mb="0" cb="0"/><line nr="36" mi="0" ci="5" mb="0" cb="0"/><line nr="37" mi="0" ci="4" mb="0" cb="0"/><line nr="38" mi="0" ci="6" mb="0" cb="0"/><line nr="39" mi="0" ci="5" mb="0" cb="0"/><line nr="43" mi="0" ci="4" mb="0" cb="0"/><line nr="44" mi="0" ci="4" mb="0" cb="0"/><line nr="45" mi="0" ci="9" mb="2" cb="2"/><line nr="46" mi="0" ci="4" mb="0" cb="0"/><line nr="48" mi="0" ci="4" mb="0" cb="0"/><line nr="49" mi="0" ci="4" mb="0" cb="0"/><line nr="50" mi="0" ci="4" mb="0" cb="0"/><line nr="51" mi="0" ci="4" mb="0" cb="0"/><line nr="53" mi="0" ci="6" mb="0" cb="0"/><line nr="54" mi="0" ci="5" mb="0" cb="0"/><line nr="58" mi="0" ci="4" mb="0" cb="0"/><line nr="59" mi="0" ci="4" mb="0" cb="0"/><line nr="60" mi="0" ci="1" mb="0" cb="0"/><line nr="63" mi="0" ci="5" mb="0" cb="2"/><line nr="64" mi="0" ci="6" mb="0" cb="0"/><line nr="66" mi="0" ci="1" mb="0" cb="0"/><line nr="69" mi="0" ci="7" mb="0" cb="0"/><line nr="70" mi="0" ci="9" mb="0" cb="0"/><counter type="INSTRUCTION" missed="0" covered="140"/><counter type="BRANCH" missed="2" covered="6"/><counter type="LINE" missed="0" covered="29"/><counter type="COMPLEXITY" missed="2" covered="11"/><counter type="METHOD" missed="0" covered="9"/><counter type="CLASS" missed="0" covered="1"/></sourcefile><counter type="INSTRUCTION" missed="0" covered="178"/><counter type="BRANCH" missed="2" covered="6"/><counter type="LINE" missed="0" covered="38"/><counter type="COMPLEXITY" missed="2" covered="17"/><counter type="METHOD" missed="0" covered="15"/><counter type="CLASS" missed="0" covered="2"/></package><package name="com/projeto/erp/produto/dto"><class name="com/projeto/erp/produto/dto/ProdutoResponseDTO" sourcefilename="ProdutoResponseDTO.java"/><class name="com/projeto/erp/produto/dto/ProdutoRequestDTO" sourcefilename="ProdutoRequestDTO.java"/><sourcefile name="ProdutoRequestDTO.java"/><sourcefile name="ProdutoResponseDTO.java"/></package><package name="com/projeto/erp/fornecedor"><class name="com/projeto/erp/fornecedor/Fornecedor" sourcefilename="Fornecedor.java"/><class name="com/projeto/erp/fornecedor/FornecedorService" sourcefilename="FornecedorService.java"><method name="&lt;init&gt;" desc="()V" line="14"><counter type="INSTRUCTION" missed="0" covered="3"/><counter type="LINE" missed="0" covered="1"/><counter type="COMPLEXITY" missed="0" covered="1"/><counter type="METHOD" missed="0" covered="1"/></method><method name="buscaTodosFornecedors" desc="()Ljava/util/List;" line="23"><counter type="INSTRUCTION" missed="0" covered="24"/><counter type="BRANCH" missed="0" covered="2"/><counter type="LINE" missed="0" covered="4"/><counter type="COMPLEXITY" missed="0" covered="2"/><counter type="METHOD" missed="0" covered="1"/></method><method name="getFornecedor" desc="(Ljava/lang/Long;)Lcom/projeto/erp/fornecedor/dto/FornecedorResponseDTO;" line="31"><counter type="INSTRUCTION" missed="0" covered="9"/><counter type="LINE" missed="0" covered="2"/><counter type="COMPLEXITY" missed="0" covered="1"/><counter type="METHOD" missed="0" covered="1"/></method><method name="criarFornecedor" desc="(Lcom/projeto/erp/fornecedor/dto/FornecedorRequestDTO;)Lcom/projeto/erp/fornecedor/dto/FornecedorResponseDTO;" line="36"><counter type="INSTRUCTION" missed="0" covered="20"/><counter type="LINE" missed="0" covered="4"/><counter type="COMPLEXITY" missed="0" covered="1"/><counter type="METHOD" missed="0" covered="1"/></method><method name="atualizarFornecedor" desc="(Ljava/lang/Long;Lcom/projeto/erp/fornecedor/dto/FornecedorRequestDTO;)Lcom/projeto/erp/fornecedor/dto/FornecedorResponseDTO;" line="43"><counter type="INSTRUCTION" missed="0" covered="48"/><counter type="BRANCH" missed="2" covered="2"/><counter type="LINE" missed="0" covered="10"/><counter type="COMPLEXITY" missed="2" covered="1"/><counter type="METHOD" missed="0" covered="1"/></method><method name="deleteFornecedor" desc="(Ljava/lang/Long;)V" line="58"><counter type="INSTRUCTION" missed="0" covered="9"/><counter type="LINE" missed="0" covered="3"/><counter type="COMPLEXITY" missed="0" covered="1"/><counter type="METHOD" missed="0" covered="1"/></method><method name="validarEmailUnico" desc="(Ljava/lang/String;)V" line="63"><counter type="INSTRUCTION" missed="0" covered="12"/><counter type="BRANCH" missed="0" covered="2"/><counter type="LINE" missed="0" covered="3"/><counter type="COMPLEXITY" missed="0" covered="2"/><counter type="METHOD" missed="0" covered="1"/></method><method name="buscaFornecedorByIdOrThrow" desc="(Ljava/lang/Long;)Lcom/projeto/erp/fornecedor/Fornecedor;" line="69"><counter type="INSTRUCTION" missed="0" covered="9"/><counter type="LINE" missed="0" covered="2"/><counter type="COMPLEXITY" missed="0" covered="1"/><counter type="METHOD" missed="0" covered="1"/></method><method name="lambda$buscaFornecedorByIdOrThrow$0" desc="(Ljava/lang/Long;)Lcom/projeto/erp/common/exception/BusinessException;" line="70"><counter type="INSTRUCTION" missed="0" covered="7"/><counter type="LINE" missed="0" covered="1"/><counter type="COMPLEXITY" missed="0" covered="1"/><counter type="METHOD" missed="0" covered="1"/></method><counter type="INSTRUCTION" missed="0" covered="141"/><counter type="BRANCH" missed="2" covered="6"/><counter type="LINE" missed="0" covered="29"/><counter type="COMPLEXITY" missed="2" covered="11"/><counter type="METHOD" missed="0" covered="9"/><counter type="CLASS" missed="0" covered="1"/></class><class name="com/projeto/erp/fornecedor/FornecedorRepository" sourcefilename="FornecedorRepository.java"/><class name="com/projeto/erp/fornecedor/FornecedorControle" sourcefilename="FornecedorControle.java"><method name="&lt;init&gt;" desc="()V" line="21"><counter type="INSTRUCTION" missed="0" covered="3"/><counter type="LINE" missed="0" covered="1"/><counter type="COMPLEXITY" missed="0" covered="1"/><counter type="METHOD" missed="0" covered="1"/></method><method name="getFornecedor" desc="(Ljava/lang/Long;)Lcom/projeto/erp/fornecedor/dto/FornecedorResponseDTO;" line="33"><counter type="INSTRUCTION" missed="0" covered="5"/><counter type="LINE" missed="0" covered="1"/><counter type="COMPLEXITY" missed="0" covered="1"/><counter type="METHOD" missed="0" covered="1"/></method><method name="listFornecedor" desc="()Ljava/util/List;" line="42"><counter type="INSTRUCTION" missed="0" covered="4"/><counter type="LINE" missed="0" covered="1"/><counter type="COMPLEXITY" missed="0" covered="1"/><counter type="METHOD" missed="0" covered="1"/></method><method name="criarFornecedor" desc="(Lcom/projeto/erp/fornecedor/dto/FornecedorRequestDTO;)Lorg/springframework/http/ResponseEntity;" line="53"><counter type="INSTRUCTION" missed="0" covered="10"/><counter type="LINE" missed="0" covered="2"/><counter type="COMPLEXITY" missed="0" covered="1"/><counter type="METHOD" missed="0" covered="1"/></method><method name="atualizarFornecedor" desc="(Ljava/lang/Long;Lcom/projeto/erp/fornecedor/dto/FornecedorRequestDTO;)Lorg/springframework/http/ResponseEntity;" line="66"><counter type="INSTRUCTION" missed="0" covered="9"/><counter type="LINE" missed="0" covered="2"/><counter type="COMPLEXITY" missed="0" covered="1"/><counter type="METHOD" missed="0" covered="1"/></method><method name="deletarFornecedor" desc="(Ljava/lang/Long;)Lorg/springframework/http/ResponseEntity;" line="77"><counter type="INSTRUCTION" missed="0" covered="7"/><counter type="LINE" missed="0" covered="2"/><counter type="COMPLEXITY" missed="0" covered="1"/><counter type="METHOD" missed="0" covered="1"/></method><counter type="INSTRUCTION" missed="0" covered="38"/><counter type="LINE" missed="0" covered="9"/><counter type="COMPLEXITY" missed="0" covered="6"/><counter type="METHOD" missed="0" covered="6"/><counter type="CLASS" missed="0" covered="1"/></class><sourcefile name="FornecedorControle.java"><line nr="21" mi="0" ci="3" mb="0" cb="0"/><line nr="33" mi="0" ci="5" mb="0" cb="0"/><line nr="42" mi="0" ci="4" mb="0" cb="0"/><line nr="53" mi="0" ci="5" mb="0" cb="0"/><line nr="54" mi="0" ci="5" mb="0" cb="0"/><line nr="66" mi="0" ci="6" mb="0" cb="0"/><line nr="67" mi="0" ci="3" mb="0" cb="0"/><line nr="77" mi="0" ci="4" mb="0" cb="0"/><line nr="78" mi="0" ci="3" mb="0" cb="0"/><counter type="INSTRUCTION" missed="0" covered="38"/><counter type="LINE" missed="0" covered="9"/><counter type="COMPLEXITY" missed="0" covered="6"/><counter type="METHOD" missed="0" covered="6"/><counter type="CLASS" missed="0" covered="1"/></sourcefile><sourcefile name="Fornecedor.java"/><sourcefile name="FornecedorRepository.java"/><sourcefile name="FornecedorService.java"><line nr="14" mi="0" ci="3" mb="0" cb="0"/><line nr="23" mi="0" ci="4" mb="0" cb="0"/><line nr="24" mi="0" ci="3" mb="0" cb="2"/><line nr="25" mi="0" ci="6" mb="0" cb="0"/><line nr="27" mi="0" ci="11" mb="0" cb="0"/><line nr="31" mi="0" ci="4" mb="0" cb="0"/><line nr="32" mi="0" ci="5" mb="0" cb="0"/><line nr="36" mi="0" ci="5" mb="0" cb="0"/><line nr="37" mi="0" ci="4" mb="0" cb="0"/><line nr="38" mi="0" ci="6" mb="0" cb="0"/><line nr="39" mi="0" ci="5" mb="0" cb="0"/><line nr="43" mi="0" ci="4" mb="0" cb="0"/><line nr="44" mi="0" ci="4" mb="0" cb="0"/><line nr="45" mi="0" ci="9" mb="2" cb="2"/><line nr="46" mi="0" ci="4" mb="0" cb="0"/><line nr="48" mi="0" ci="4" mb="0" cb="0"/><line nr="49" mi="0" ci="4" mb="0" cb="0"/><line nr="50" mi="0" ci="4" mb="0" cb="0"/><line nr="51" mi="0" ci="4" mb="0" cb="0"/><line nr="53" mi="0" ci="6" mb="0" cb="0"/><line nr="54" mi="0" ci="5" mb="0" cb="0"/><line nr="58" mi="0" ci="4" mb="0" cb="0"/><line nr="59" mi="0" ci="4" mb="0" cb="0"/><line nr="60" mi="0" ci="1" mb="0" cb="0"/><line nr="63" mi="0" ci="5" mb="0" cb="2"/><line nr="64" mi="0" ci="6" mb="0" cb="0"/><line nr="66" mi="0" ci="1" mb="0" cb="0"/><line nr="69" mi="0" ci="7" mb="0" cb="0"/><line nr="70" mi="0" ci="9" mb="0" cb="0"/><counter type="INSTRUCTION" missed="0" covered="141"/><counter type="BRANCH" missed="2" covered="6"/><counter type="LINE" missed="0" covered="29"/><counter type="COMPLEXITY" missed="2" covered="11"/><counter type="METHOD" missed="0" covered="9"/><counter type="CLASS" missed="0" covered="1"/></sourcefile><counter type="INSTRUCTION" missed="0" covered="179"/><counter type="BRANCH" missed="2" covered="6"/><counter type="LINE" missed="0" covered="38"/><counter type="COMPLEXITY" missed="2" covered="17"/><counter type="METHOD" missed="0" covered="15"/><counter type="CLASS" missed="0" covered="2"/></package><counter type="INSTRUCTION" missed="151" covered="395"/><counter type="BRANCH" missed="8" covered="12"/><counter type="LINE" missed="32" covered="84"/><counter type="COMPLEXITY" missed="16" covered="40"/><counter type="METHOD" missed="10" covered="36"/><counter type="CLASS" missed="1" covered="5"/></report>